Using pre-set license
Built from '2021.1/staging' branch; Version is '2021.1.12f1 (afcadd793de6) revision 11520733'; Using compiler version '192528614'; Build Type 'Release'
OS: 'Windows 10 Pro; OS build 22621.819; Version 2009; 64bit' Language: 'en' Physical Memory: 16335 MB
BatchMode: 1, IsHumanControllingUs: 0, StartBugReporterOnCrash: 0, Is64bit: 1, IsPro: 0

 COMMAND LINE ARGUMENTS:
D:\Unity\2021.1.12f1\Editor\Unity.exe
-adb2
-batchMode
-noUpm
-name
AssetImportWorker0
-projectPath
D:/github.com/RPG
-logFile
Logs/AssetImportWorker0.log
-srvPort
61755
Successfully changed project path to: D:/github.com/RPG
D:/github.com/RPG
Using Asset Import Pipeline V2.
Refreshing native plugins compatible for Editor in 135.61 ms, found 3 plugins.
Preloading 0 native plugins for Editor in 0.00 ms.
Initialize engine version: 2021.1.12f1 (afcadd793de6)
[Subsystems] Discovering subsystems at path D:/Unity/2021.1.12f1/Editor/Data/Resources/UnitySubsystems
[Subsystems] Discovering subsystems at path D:/github.com/RPG/Assets
GfxDevice: creating device client; threaded=0; jobified=0
Direct3D:
    Version:  Direct3D 11.0 [level 11.1]
    Renderer: NVIDIA GeForce GTX 1050 (ID=0x1c81)
    Vendor:   NVIDIA
    VRAM:     1976 MB
    Driver:   31.0.15.2686
Initialize mono
Mono path[0] = 'D:/Unity/2021.1.12f1/Editor/Data/Managed'
Mono path[1] = 'D:/Unity/2021.1.12f1/Editor/Data/MonoBleedingEdge/lib/mono/unityjit'
Mono config path = 'D:/Unity/2021.1.12f1/Editor/Data/MonoBleedingEdge/etc'
Using monoOptions --debugger-agent=transport=dt_socket,embedding=1,server=y,suspend=n,address=127.0.0.1:56564
Begin MonoManager ReloadAssembly
Registering precompiled unity dll's ...
Register platform support module: D:/Unity/2021.1.12f1/Editor/Data/PlaybackEngines/WindowsStandaloneSupport/UnityEditor.WindowsStandalone.Extensions.dll
Registered in 0.001074 seconds.
Native extension for WindowsStandalone target not found
Refreshing native plugins compatible for Editor in 143.12 ms, found 3 plugins.
Preloading 0 native plugins for Editor in 0.00 ms.
Mono: successfully reloaded assembly
- Completed reload, in  2.600 seconds
Domain Reload Profiling:
	ReloadAssembly (2601ms)
		BeginReloadAssembly (79ms)
			ExecutionOrderSort (0ms)
			DisableScriptedObjects (0ms)
			BackupInstance (0ms)
			ReleaseScriptingObjects (0ms)
			CreateAndSetChildDomain (1ms)
		EndReloadAssembly (758ms)
			LoadAssemblies (77ms)
			RebuildTransferFunctionScriptingTraits (0ms)
			SetupTypeCache (275ms)
			ReleaseScriptCaches (0ms)
			RebuildScriptCaches (50ms)
			SetupLoadedEditorAssemblies (365ms)
				LogAssemblyErrors (0ms)
				InitializePlatformSupportModulesInManaged (7ms)
				SetLoadedEditorAssemblies (0ms)
				RefreshPlugins (143ms)
				BeforeProcessingInitializeOnLoad (2ms)
				ProcessInitializeOnLoadAttributes (161ms)
				ProcessInitializeOnLoadMethodAttributes (51ms)
				AfterProcessingInitializeOnLoad (0ms)
				EditorAssembliesLoaded (0ms)
			ExecutionOrderSort2 (0ms)
			AwakeInstancesAfterBackupRestoration (0ms)
Platform modules already initialized, skipping
Registering precompiled user dll's ...
Registered in 0.004888 seconds.
Begin MonoManager ReloadAssembly
Symbol file LoadedFromMemory doesn't match image D:\github.com\RPG\Library\PackageCache\com.unity.visualscripting@1.6.1\Editor\VisualScripting.Core\Dependencies\YamlDotNet\Unity.VisualScripting.YamlDotNet.dll
Symbol file LoadedFromMemory doesn't match image D:\github.com\RPG\Library\PackageCache\com.unity.visualscripting@1.6.1\Editor\VisualScripting.Core\Dependencies\DotNetZip\Unity.VisualScripting.IonicZip.dll
Native extension for WindowsStandalone target not found
Refreshing native plugins compatible for Editor in 0.60 ms, found 3 plugins.
Preloading 0 native plugins for Editor in 0.00 ms.
Mono: successfully reloaded assembly
- Completed reload, in  1.681 seconds
Domain Reload Profiling:
	ReloadAssembly (1681ms)
		BeginReloadAssembly (246ms)
			ExecutionOrderSort (0ms)
			DisableScriptedObjects (8ms)
			BackupInstance (0ms)
			ReleaseScriptingObjects (0ms)
			CreateAndSetChildDomain (35ms)
		EndReloadAssembly (1323ms)
			LoadAssemblies (150ms)
			RebuildTransferFunctionScriptingTraits (0ms)
			SetupTypeCache (529ms)
			ReleaseScriptCaches (1ms)
			RebuildScriptCaches (72ms)
			SetupLoadedEditorAssemblies (431ms)
				LogAssemblyErrors (0ms)
				InitializePlatformSupportModulesInManaged (6ms)
				SetLoadedEditorAssemblies (1ms)
				RefreshPlugins (1ms)
				BeforeProcessingInitializeOnLoad (86ms)
				ProcessInitializeOnLoadAttributes (324ms)
				ProcessInitializeOnLoadMethodAttributes (10ms)
				AfterProcessingInitializeOnLoad (3ms)
				EditorAssembliesLoaded (0ms)
			ExecutionOrderSort2 (0ms)
			AwakeInstancesAfterBackupRestoration (10ms)
Platform modules already initialized, skipping
========================================================================
Worker process is ready to serve import requests
Launched and connected shader compiler UnityShaderCompiler.exe after 0.06 seconds
Refreshing native plugins compatible for Editor in 0.60 ms, found 3 plugins.
Preloading 0 native plugins for Editor in 0.00 ms.
Unloading 2943 Unused Serialized files (Serialized files now loaded: 0)
System memory in use before: 117.9 MB.
System memory in use after: 118.1 MB.

Unloading 23 unused Assets to reduce memory usage. Loaded Objects now: 3404.
Total: 3.456100 ms (FindLiveObjects: 0.601800 ms CreateObjectMapping: 0.259600 ms MarkObjects: 2.440700 ms  DeleteObjects: 0.152500 ms)

AssetImportParameters requested are different than current active one (requested -> active):
  custom:framework-win-MediaFoundation: 216162199b28c13a410421893ffa2e32 -> 
  custom:video-decoder-ogg-theora: a1e56fd34408186e4bbccfd4996cb3dc -> 
  custom:container-muxer-webm: aa71ff27fc2769a1b78a27578f13a17b -> 
  custom:container-demuxer-webm: 4f35f7cbe854078d1ac9338744f61a02 -> 
  custom:container-demuxer-ogg: 62fdf1f143b41e24485cea50d1cbac27 -> 
  custom:video-encoder-webm-vp8: eb34c28f22e8b96e1ab97ce403110664 -> 
  custom:video-codec-MediaFoundation-h265: 746d11721c4dcdbdad8f713fa42b33f4 -> 
  custom:video-decoder-webm-vp8: 9c59270c3fd7afecdb556c50c9e8de78 -> 
  custom:audio-decoder-ogg-vorbis: bf7c407c2cedff20999df2af8eb42d56 -> 
  custom:audio-encoder-webm-vorbis: bf7c407c2cedff20999df2af8eb42d56 -> 
========================================================================
Received Import Request.
  path: Assets/Runtime/Game/Scripts/Mover.cs
  artifactKey: Guid(9d35efba9ea1c404796f2d6c90719f34) Importer(815301076,1909f56bfc062723c751e8b465ee728b)
Start importing Assets/Runtime/Game/Scripts/Mover.cs using Guid(9d35efba9ea1c404796f2d6c90719f34) Importer(815301076,1909f56bfc062723c751e8b465ee728b)  -> (artifact id: '584490f07c99ed7db3ca448c27247a71') in 0.047149 seconds 
========================================================================
Received Import Request.
  Time since last request: 62.290803 seconds.
  path: Assets/Runtime/Game/Scripts/Mover.cs
  artifactKey: Guid(9d35efba9ea1c404796f2d6c90719f34) Importer(815301076,1909f56bfc062723c751e8b465ee728b)
Start importing Assets/Runtime/Game/Scripts/Mover.cs using Guid(9d35efba9ea1c404796f2d6c90719f34) Importer(815301076,1909f56bfc062723c751e8b465ee728b)  -> (artifact id: '62c8d0df0b699202c81583f291175f0f') in 0.005259 seconds 
========================================================================
Received Import Request.
  Time since last request: 81.084296 seconds.
  path: Assets/Runtime/Game/Scripts/Mover.cs
  artifactKey: Guid(9d35efba9ea1c404796f2d6c90719f34) Importer(815301076,1909f56bfc062723c751e8b465ee728b)
Start importing Assets/Runtime/Game/Scripts/Mover.cs using Guid(9d35efba9ea1c404796f2d6c90719f34) Importer(815301076,1909f56bfc062723c751e8b465ee728b)  -> (artifact id: 'f01ffb2d853a41dbe336ae63139e0dda') in 0.002383 seconds 
========================================================================
Received Import Request.
  Time since last request: 7.799677 seconds.
  path: Assets/Runtime/Game/Scripts/Mover.cs
  artifactKey: Guid(9d35efba9ea1c404796f2d6c90719f34) Importer(815301076,1909f56bfc062723c751e8b465ee728b)
Start importing Assets/Runtime/Game/Scripts/Mover.cs using Guid(9d35efba9ea1c404796f2d6c90719f34) Importer(815301076,1909f56bfc062723c751e8b465ee728b)  -> (artifact id: '9cb72416ae0c3c279a3d2af758d3c505') in 0.003304 seconds 
========================================================================
Received Import Request.
  Time since last request: 17.914435 seconds.
  path: Assets/Runtime/Game/Scripts/Mover.cs
  artifactKey: Guid(9d35efba9ea1c404796f2d6c90719f34) Importer(815301076,1909f56bfc062723c751e8b465ee728b)
Start importing Assets/Runtime/Game/Scripts/Mover.cs using Guid(9d35efba9ea1c404796f2d6c90719f34) Importer(815301076,1909f56bfc062723c751e8b465ee728b)  -> (artifact id: '22923b629f262e1d66f441104d8b4b28') in 0.006053 seconds 
========================================================================
Received Import Request.
  Time since last request: 4.257407 seconds.
  path: Assets/Runtime/Game/Scripts/Mover.cs
  artifactKey: Guid(9d35efba9ea1c404796f2d6c90719f34) Importer(815301076,1909f56bfc062723c751e8b465ee728b)
Start importing Assets/Runtime/Game/Scripts/Mover.cs using Guid(9d35efba9ea1c404796f2d6c90719f34) Importer(815301076,1909f56bfc062723c751e8b465ee728b)  -> (artifact id: '22507f8fc79106c99077d476bf19e5ee') in 0.004540 seconds 
========================================================================
Received Import Request.
  Time since last request: 27.832998 seconds.
  path: Assets/Runtime/Game/Scripts/Mover.cs
  artifactKey: Guid(9d35efba9ea1c404796f2d6c90719f34) Importer(815301076,1909f56bfc062723c751e8b465ee728b)
Start importing Assets/Runtime/Game/Scripts/Mover.cs using Guid(9d35efba9ea1c404796f2d6c90719f34) Importer(815301076,1909f56bfc062723c751e8b465ee728b)  -> (artifact id: '283bc4764617403148f502dcf081c3ab') in 0.004802 seconds 
========================================================================
Received Import Request.
  Time since last request: 132.217790 seconds.
  path: Assets/Runtime/Game/Scripts/Mover.cs
  artifactKey: Guid(9d35efba9ea1c404796f2d6c90719f34) Importer(815301076,1909f56bfc062723c751e8b465ee728b)
Start importing Assets/Runtime/Game/Scripts/Mover.cs using Guid(9d35efba9ea1c404796f2d6c90719f34) Importer(815301076,1909f56bfc062723c751e8b465ee728b)  -> (artifact id: '1be507bc59c2c57f688450400ba4cca3') in 0.003581 seconds 
========================================================================
Received Import Request.
  Time since last request: 53.079436 seconds.
  path: Assets/Runtime/Game/Scripts/Mover.cs
  artifactKey: Guid(9d35efba9ea1c404796f2d6c90719f34) Importer(815301076,1909f56bfc062723c751e8b465ee728b)
Start importing Assets/Runtime/Game/Scripts/Mover.cs using Guid(9d35efba9ea1c404796f2d6c90719f34) Importer(815301076,1909f56bfc062723c751e8b465ee728b)  -> (artifact id: 'aa42a5515b047fc0709e025efb01df31') in 0.003641 seconds 
========================================================================
Received Import Request.
  Time since last request: 23.469183 seconds.
  path: Assets/Runtime/Game/Scripts/Mover.cs
  artifactKey: Guid(9d35efba9ea1c404796f2d6c90719f34) Importer(815301076,1909f56bfc062723c751e8b465ee728b)
Start importing Assets/Runtime/Game/Scripts/Mover.cs using Guid(9d35efba9ea1c404796f2d6c90719f34) Importer(815301076,1909f56bfc062723c751e8b465ee728b)  -> (artifact id: 'e912ff489f67f4397cecc18f5156e327') in 0.004006 seconds 
========================================================================
Received Import Request.
  Time since last request: 267.796012 seconds.
  path: Assets/Runtime/Game/Scripts/Mover.cs
  artifactKey: Guid(9d35efba9ea1c404796f2d6c90719f34) Importer(815301076,1909f56bfc062723c751e8b465ee728b)
Start importing Assets/Runtime/Game/Scripts/Mover.cs using Guid(9d35efba9ea1c404796f2d6c90719f34) Importer(815301076,1909f56bfc062723c751e8b465ee728b)  -> (artifact id: '9c47f46c4f605fc52b020d9aab872f01') in 0.002428 seconds 
========================================================================
Received Import Request.
  Time since last request: 24.649064 seconds.
  path: Assets/Runtime/Game/Scripts/Mover.cs
  artifactKey: Guid(9d35efba9ea1c404796f2d6c90719f34) Importer(815301076,1909f56bfc062723c751e8b465ee728b)
Start importing Assets/Runtime/Game/Scripts/Mover.cs using Guid(9d35efba9ea1c404796f2d6c90719f34) Importer(815301076,1909f56bfc062723c751e8b465ee728b)  -> (artifact id: 'ddb3e685cbf3b71a1d20dea563f8f10d') in 0.002363 seconds 
========================================================================
Received Import Request.
  Time since last request: 10.611625 seconds.
  path: Assets/Runtime/Game/Scripts/Mover.cs
  artifactKey: Guid(9d35efba9ea1c404796f2d6c90719f34) Importer(815301076,1909f56bfc062723c751e8b465ee728b)
Start importing Assets/Runtime/Game/Scripts/Mover.cs using Guid(9d35efba9ea1c404796f2d6c90719f34) Importer(815301076,1909f56bfc062723c751e8b465ee728b)  -> (artifact id: 'be689deb94ac56724f6d8fedac4e8227') in 0.003081 seconds 
========================================================================
Received Import Request.
  Time since last request: 0.497261 seconds.
  path: Assets/Runtime/Game/Scripts/Mover.cs
  artifactKey: Guid(9d35efba9ea1c404796f2d6c90719f34) Importer(815301076,1909f56bfc062723c751e8b465ee728b)
Start importing Assets/Runtime/Game/Scripts/Mover.cs using Guid(9d35efba9ea1c404796f2d6c90719f34) Importer(815301076,1909f56bfc062723c751e8b465ee728b)  -> (artifact id: '9b3a4f1cc9361b45a6a3b855e1b6ad8a') in 0.003561 seconds 
========================================================================
Received Prepare
Registering precompiled user dll's ...
Registered in 0.006055 seconds.
Begin MonoManager ReloadAssembly
Symbol file LoadedFromMemory doesn't match image D:\github.com\RPG\Library\PackageCache\com.unity.visualscripting@1.6.1\Editor\VisualScripting.Core\Dependencies\YamlDotNet\Unity.VisualScripting.YamlDotNet.dll
Symbol file LoadedFromMemory doesn't match image D:\github.com\RPG\Library\PackageCache\com.unity.visualscripting@1.6.1\Editor\VisualScripting.Core\Dependencies\DotNetZip\Unity.VisualScripting.IonicZip.dll
Native extension for WindowsStandalone target not found
Refreshing native plugins compatible for Editor in 0.72 ms, found 3 plugins.
Preloading 0 native plugins for Editor in 0.00 ms.
Mono: successfully reloaded assembly
- Completed reload, in  1.603 seconds
Domain Reload Profiling:
	ReloadAssembly (1603ms)
		BeginReloadAssembly (143ms)
			ExecutionOrderSort (0ms)
			DisableScriptedObjects (5ms)
			BackupInstance (0ms)
			ReleaseScriptingObjects (0ms)
			CreateAndSetChildDomain (51ms)
		EndReloadAssembly (1371ms)
			LoadAssemblies (116ms)
			RebuildTransferFunctionScriptingTraits (0ms)
			SetupTypeCache (633ms)
			ReleaseScriptCaches (8ms)
			RebuildScriptCaches (67ms)
			SetupLoadedEditorAssemblies (393ms)
				LogAssemblyErrors (0ms)
				InitializePlatformSupportModulesInManaged (6ms)
				SetLoadedEditorAssemblies (1ms)
				RefreshPlugins (1ms)
				BeforeProcessingInitializeOnLoad (63ms)
				ProcessInitializeOnLoadAttributes (313ms)
				ProcessInitializeOnLoadMethodAttributes (7ms)
				AfterProcessingInitializeOnLoad (2ms)
				EditorAssembliesLoaded (0ms)
			ExecutionOrderSort2 (0ms)
			AwakeInstancesAfterBackupRestoration (9ms)
Platform modules already initialized, skipping
Refreshing native plugins compatible for Editor in 0.59 ms, found 3 plugins.
Preloading 0 native plugins for Editor in 0.00 ms.
Unloading 2938 Unused Serialized files (Serialized files now loaded: 0)
System memory in use before: 117.9 MB.
System memory in use after: 118.1 MB.

Unloading 18 unused Assets to reduce memory usage. Loaded Objects now: 3406.
Total: 2.479300 ms (FindLiveObjects: 0.295100 ms CreateObjectMapping: 0.224100 ms MarkObjects: 1.879500 ms  DeleteObjects: 0.079700 ms)

AssetImportParameters requested are different than current active one (requested -> active):
  custom:framework-win-MediaFoundation: 216162199b28c13a410421893ffa2e32 -> 
  custom:video-decoder-ogg-theora: a1e56fd34408186e4bbccfd4996cb3dc -> 
  custom:container-muxer-webm: aa71ff27fc2769a1b78a27578f13a17b -> 
  custom:container-demuxer-webm: 4f35f7cbe854078d1ac9338744f61a02 -> 
  custom:container-demuxer-ogg: 62fdf1f143b41e24485cea50d1cbac27 -> 
  custom:video-encoder-webm-vp8: eb34c28f22e8b96e1ab97ce403110664 -> 
  custom:video-codec-MediaFoundation-h265: 746d11721c4dcdbdad8f713fa42b33f4 -> 
  custom:video-decoder-webm-vp8: 9c59270c3fd7afecdb556c50c9e8de78 -> 
  custom:audio-decoder-ogg-vorbis: bf7c407c2cedff20999df2af8eb42d56 -> 
  custom:audio-encoder-webm-vorbis: bf7c407c2cedff20999df2af8eb42d56 -> 
========================================================================
Received Prepare
Registering precompiled user dll's ...
Registered in 0.004554 seconds.
Begin MonoManager ReloadAssembly
Symbol file LoadedFromMemory doesn't match image D:\github.com\RPG\Library\PackageCache\com.unity.visualscripting@1.6.1\Editor\VisualScripting.Core\Dependencies\YamlDotNet\Unity.VisualScripting.YamlDotNet.dll
Symbol file LoadedFromMemory doesn't match image D:\github.com\RPG\Library\PackageCache\com.unity.visualscripting@1.6.1\Editor\VisualScripting.Core\Dependencies\DotNetZip\Unity.VisualScripting.IonicZip.dll
Native extension for WindowsStandalone target not found
Refreshing native plugins compatible for Editor in 0.71 ms, found 3 plugins.
Preloading 0 native plugins for Editor in 0.00 ms.
Mono: successfully reloaded assembly
- Completed reload, in  1.540 seconds
Domain Reload Profiling:
	ReloadAssembly (1541ms)
		BeginReloadAssembly (163ms)
			ExecutionOrderSort (0ms)
			DisableScriptedObjects (6ms)
			BackupInstance (0ms)
			ReleaseScriptingObjects (0ms)
			CreateAndSetChildDomain (76ms)
		EndReloadAssembly (1295ms)
			LoadAssemblies (136ms)
			RebuildTransferFunctionScriptingTraits (0ms)
			SetupTypeCache (629ms)
			ReleaseScriptCaches (1ms)
			RebuildScriptCaches (52ms)
			SetupLoadedEditorAssemblies (348ms)
				LogAssemblyErrors (0ms)
				InitializePlatformSupportModulesInManaged (6ms)
				SetLoadedEditorAssemblies (0ms)
				RefreshPlugins (1ms)
				BeforeProcessingInitializeOnLoad (59ms)
				ProcessInitializeOnLoadAttributes (274ms)
				ProcessInitializeOnLoadMethodAttributes (6ms)
				AfterProcessingInitializeOnLoad (2ms)
				EditorAssembliesLoaded (0ms)
			ExecutionOrderSort2 (0ms)
			AwakeInstancesAfterBackupRestoration (9ms)
Platform modules already initialized, skipping
Refreshing native plugins compatible for Editor in 0.89 ms, found 3 plugins.
Preloading 0 native plugins for Editor in 0.00 ms.
Unloading 2938 Unused Serialized files (Serialized files now loaded: 0)
System memory in use before: 118.0 MB.
System memory in use after: 118.2 MB.

Unloading 18 unused Assets to reduce memory usage. Loaded Objects now: 3408.
Total: 2.963300 ms (FindLiveObjects: 0.257700 ms CreateObjectMapping: 0.190300 ms MarkObjects: 2.438800 ms  DeleteObjects: 0.075300 ms)

AssetImportParameters requested are different than current active one (requested -> active):
  custom:framework-win-MediaFoundation: 216162199b28c13a410421893ffa2e32 -> 
  custom:video-decoder-ogg-theora: a1e56fd34408186e4bbccfd4996cb3dc -> 
  custom:container-muxer-webm: aa71ff27fc2769a1b78a27578f13a17b -> 
  custom:container-demuxer-webm: 4f35f7cbe854078d1ac9338744f61a02 -> 
  custom:container-demuxer-ogg: 62fdf1f143b41e24485cea50d1cbac27 -> 
  custom:video-encoder-webm-vp8: eb34c28f22e8b96e1ab97ce403110664 -> 
  custom:video-codec-MediaFoundation-h265: 746d11721c4dcdbdad8f713fa42b33f4 -> 
  custom:video-decoder-webm-vp8: 9c59270c3fd7afecdb556c50c9e8de78 -> 
  custom:audio-decoder-ogg-vorbis: bf7c407c2cedff20999df2af8eb42d56 -> 
  custom:audio-encoder-webm-vorbis: bf7c407c2cedff20999df2af8eb42d56 -> 
AssetImportWorkerClient::OnTransportError - code=2 error=End of file
